# JRE version: OpenJDK Runtime Environment Microsoft-32931 (17.0.3+7) (build 17.0.3+7-LTS)
# Java VM: OpenJDK 64-Bit Server VM Microsoft-32931 (17.0.3+7-LTS, mixed mode, tiered, compressed oops, compressed class ptrs, g1 gc, windows-amd64)
GC Precious Log:
 CPUs: 16 total, 16 available
 Memory: 15720M
 Large Page Support: Disabled
 NUMA Support: Disabled
 Compressed Oops: Enabled (Zero based)
 Heap Region Size: 2M
 Heap Min Capacity: 256M
 Heap Initial Capacity: 256M
 Heap Max Capacity: 4G
 Pre-touch: Disabled
 Parallel Workers: 13
 Concurrent Workers: 3
 Concurrent Refinement Workers: 13
 Periodic GC: Disabled
Heap:
 garbage-first heap   total 464896K, used 198998K [0x0000000700000000, 0x0000000800000000)
  region size 2048K, 34 young (69632K), 7 survivors (14336K)
 Metaspace       used 82485K, committed 83648K, reserved 1122304K
  class space    used 11052K, committed 11584K, reserved 1048576K
GC Heap History (20 events):
Event: 3.991 GC heap before
{Heap before GC invocations=7 (full 0):
 garbage-first heap   total 262144K, used 177872K [0x0000000700000000, 0x0000000800000000)
  region size 2048K, 73 young (149504K), 10 survivors (20480K)
 Metaspace       used 35378K, committed 36160K, reserved 1081344K
  class space    used 4030K, committed 4416K, reserved 1048576K
}
Event: 4.004 GC heap after
{Heap after GC invocations=8 (full 0):
 garbage-first heap   total 315392K, used 56447K [0x0000000700000000, 0x0000000800000000)
  region size 2048K, 2 young (4096K), 2 survivors (4096K)
 Metaspace       used 35378K, committed 36160K, reserved 1081344K
  class space    used 4030K, committed 4416K, reserved 1048576K
}
Event: 4.318 GC heap before
{Heap before GC invocations=9 (full 0):
 garbage-first heap   total 262144K, used 236671K [0x0000000700000000, 0x0000000800000000)
  region size 2048K, 90 young (184320K), 2 survivors (4096K)
 Metaspace       used 35461K, committed 36288K, reserved 1081344K
  class space    used 4057K, committed 4416K, reserved 1048576K
}
Event: 4.322 GC heap after
{Heap after GC invocations=10 (full 0):
 garbage-first heap   total 262144K, used 56621K [0x0000000700000000, 0x0000000800000000)
  region size 2048K, 2 young (4096K), 2 survivors (4096K)
 Metaspace       used 35461K, committed 36288K, reserved 1081344K
  class space    used 4057K, committed 4416K, reserved 1048576K
}
Event: 4.333 GC heap before
{Heap before GC invocations=10 (full 0):
 garbage-first heap   total 262144K, used 62765K [0x0000000700000000, 0x0000000800000000)
  region size 2048K, 6 young (12288K), 2 survivors (4096K)
 Metaspace       used 35461K, committed 36288K, reserved 1081344K
  class space    used 4057K, committed 4416K, reserved 1048576K
}
Event: 4.339 GC heap after
{Heap after GC invocations=11 (full 0):
 garbage-first heap   total 262144K, used 56487K [0x0000000700000000, 0x0000000800000000)
  region size 2048K, 1 young (2048K), 1 survivors (2048K)
 Metaspace       used 35461K, committed 36288K, reserved 1081344K
  class space    used 4057K, committed 4416K, reserved 1048576K
}
Event: 4.776 GC heap before
{Heap before GC invocations=11 (full 0):
 garbage-first heap   total 262144K, used 218279K [0x0000000700000000, 0x0000000800000000)
  region size 2048K, 74 young (151552K), 1 survivors (2048K)
 Metaspace       used 38181K, committed 38976K, reserved 1089536K
  class space    used 4435K, committed 4800K, reserved 1048576K
}
Event: 4.779 GC heap after
{Heap after GC invocations=12 (full 0):
 garbage-first heap   total 262144K, used 70503K [0x0000000700000000, 0x0000000800000000)
  region size 2048K, 2 young (4096K), 2 survivors (4096K)
 Metaspace       used 38181K, committed 38976K, reserved 1089536K
  class space    used 4435K, committed 4800K, reserved 1048576K
}
Event: 5.126 GC heap before
{Heap before GC invocations=12 (full 0):
 garbage-first heap   total 262144K, used 211815K [0x0000000700000000, 0x0000000800000000)
  region size 2048K, 71 young (145408K), 2 survivors (4096K)
 Metaspace       used 39894K, committed 40768K, reserved 1089536K
  class space    used 4653K, committed 5056K, reserved 1048576K
}
Event: 5.130 GC heap after
{Heap after GC invocations=13 (full 0):
 garbage-first heap   total 262144K, used 72501K [0x0000000700000000, 0x0000000800000000)
  region size 2048K, 3 young (6144K), 3 survivors (6144K)
 Metaspace       used 39894K, committed 40768K, reserved 1089536K
  class space    used 4653K, committed 5056K, reserved 1048576K
}
Event: 6.189 GC heap before
{Heap before GC invocations=13 (full 0):
 garbage-first heap   total 262144K, used 211765K [0x0000000700000000, 0x0000000800000000)
  region size 2048K, 72 young (147456K), 3 survivors (6144K)
 Metaspace       used 45283K, committed 46272K, reserved 1089536K
  class space    used 5295K, committed 5760K, reserved 1048576K
}
Event: 6.194 GC heap after
{Heap after GC invocations=14 (full 0):
 garbage-first heap   total 262144K, used 74927K [0x0000000700000000, 0x0000000800000000)
  region size 2048K, 4 young (8192K), 4 survivors (8192K)
 Metaspace       used 45283K, committed 46272K, reserved 1089536K
  class space    used 5295K, committed 5760K, reserved 1048576K
}
Event: 6.927 GC heap before
{Heap before GC invocations=14 (full 0):
 garbage-first heap   total 262144K, used 216239K [0x0000000700000000, 0x0000000800000000)
  region size 2048K, 73 young (149504K), 4 survivors (8192K)
 Metaspace       used 50759K, committed 51712K, reserved 1097728K
  class space    used 6150K, committed 6592K, reserved 1048576K
}
Event: 6.939 GC heap after
{Heap after GC invocations=15 (full 0):
 garbage-first heap   total 262144K, used 85046K [0x0000000700000000, 0x0000000800000000)
  region size 2048K, 9 young (18432K), 9 survivors (18432K)
 Metaspace       used 50759K, committed 51712K, reserved 1097728K
  class space    used 6150K, committed 6592K, reserved 1048576K
}
Event: 7.222 GC heap before
{Heap before GC invocations=15 (full 0):
 garbage-first heap   total 262144K, used 212022K [0x0000000700000000, 0x0000000800000000)
  region size 2048K, 71 young (145408K), 9 survivors (18432K)
 Metaspace       used 51861K, committed 52800K, reserved 1097728K
  class space    used 6323K, committed 6784K, reserved 1048576K
}
Event: 7.241 GC heap after
{Heap after GC invocations=16 (full 0):
 garbage-first heap   total 524288K, used 98965K [0x0000000700000000, 0x0000000800000000)
  region size 2048K, 7 young (14336K), 7 survivors (14336K)
 Metaspace       used 51861K, committed 52800K, reserved 1097728K
  class space    used 6323K, committed 6784K, reserved 1048576K
}
Event: 8.323 GC heap before
{Heap before GC invocations=16 (full 0):
 garbage-first heap   total 524288K, used 344725K [0x0000000700000000, 0x0000000800000000)
  region size 2048K, 128 young (262144K), 7 survivors (14336K)
 Metaspace       used 59500K, committed 60416K, reserved 1105920K
  class space    used 7436K, committed 7872K, reserved 1048576K
}
Event: 8.342 GC heap after
{Heap after GC invocations=17 (full 0):
 garbage-first heap   total 524288K, used 131264K [0x0000000700000000, 0x0000000800000000)
  region size 2048K, 20 young (40960K), 20 survivors (40960K)
 Metaspace       used 59500K, committed 60416K, reserved 1105920K
  class space    used 7436K, committed 7872K, reserved 1048576K
}
Event: 9.656 GC heap before
{Heap before GC invocations=18 (full 0):
 garbage-first heap   total 464896K, used 368832K [0x0000000700000000, 0x0000000800000000)
  region size 2048K, 136 young (278528K), 20 survivors (40960K)
 Metaspace       used 75308K, committed 76416K, reserved 1122304K
  class space    used 10140K, committed 10624K, reserved 1048576K
}
Event: 9.673 GC heap after
{Heap after GC invocations=19 (full 0):
 garbage-first heap   total 464896K, used 145750K [0x0000000700000000, 0x0000000800000000)
  region size 2048K, 7 young (14336K), 7 survivors (14336K)
 Metaspace       used 75308K, committed 76416K, reserved 1122304K
  class space    used 10140K, committed 10624K, reserved 1048576K
}

